MobileAndroid/Login Pemilik Kos/volley/app/build/intermediates/manifest_merge_blame_file/debug/manifest-merger-blame-debug-report.txt
1<?xml version="1.0" encoding="utf-8"?>
2<manifest xmlns:android="http://schemas.android.com/apk/res/android"
3    package="com.kos.KostKita"
4    android:versionCode="1"
5    android:versionName="1.0" >
6
7    <uses-sdk
8        android:minSdkVersion="15"
8-->src\main\AndroidManifest.xml
9        android:targetSdkVersion="29" />
9-->src\main\AndroidManifest.xml
10
11    <uses-permission android:name="android.permission.INTERNET" />
11-->src\main\AndroidManifest.xml:5:2-64
11-->src\main\AndroidManifest.xml:5:19-61
12
13    <application
13-->src\main\AndroidManifest.xml:7:2-34:16
14        android:allowBackup="true"
14-->src\main\AndroidManifest.xml:8:3-29
15        android:appComponentFactory="androidx.core.app.CoreComponentFactory"
15-->[androidx.core:core:1.1.0] AndroidManifest.xml:24:18-86
16        android:debuggable="true"
17        android:icon="@mipmap/ic_launcher"
17-->src\main\AndroidManifest.xml:9:3-37
18        android:label=""
18-->src\main\AndroidManifest.xml:10:3-19
19        android:roundIcon="@mipmap/ic_launcher_round"
19-->src\main\AndroidManifest.xml:11:3-48
20        android:supportsRtl="true"
20-->src\main\AndroidManifest.xml:12:3-29
21        android:testOnly="true"
22        android:theme="@style/AppTheme"
22-->src\main\AndroidManifest.xml:13:3-34
23        android:usesCleartextTraffic="true" >
23-->src\main\AndroidManifest.xml:14:3-38
24        <activity android:name="com.kos.KostKita.ListDataKost" />
24-->src\main\AndroidManifest.xml:15:3-53
24-->src\main\AndroidManifest.xml:15:13-41
25        <activity android:name="com.kos.KostKita.DetailDataKos" />
25-->src\main\AndroidManifest.xml:16:3-45
25-->src\main\AndroidManifest.xml:16:13-42
26        <activity android:name="com.kos.KostKita.EditDataKos" />
26-->src\main\AndroidManifest.xml:17:3-43
26-->src\main\AndroidManifest.xml:17:13-40
27        <activity android:name="com.kos.KostKita.UpdateProfil" />
27-->src\main\AndroidManifest.xml:18:3-44
27-->src\main\AndroidManifest.xml:18:13-41
28        <activity android:name="com.kos.KostKita.ProfileActivity" >
28-->src\main\AndroidManifest.xml:19:3-25:14
28-->src\main\AndroidManifest.xml:19:13-44
29            <intent-filter>
29-->src\main\AndroidManifest.xml:20:4-24:20
30                <action android:name="android.intent.action.MAIN" />
30-->src\main\AndroidManifest.xml:21:5-57
30-->src\main\AndroidManifest.xml:21:13-54
31
32                <category android:name="android.intent.category.LAUNCHER" />
32-->src\main\AndroidManifest.xml:23:5-65
32-->src\main\AndroidManifest.xml:23:15-62
33            </intent-filter>
34        </activity>
35        <activity android:name="com.kos.KostKita.MainActivity" />
35-->src\main\AndroidManifest.xml:26:3-44
35-->src\main\AndroidManifest.xml:26:13-41
36        <activity android:name="com.kos.KostKita.LoginActivity" >
36-->src\main\AndroidManifest.xml:27:3-33:14
36-->src\main\AndroidManifest.xml:27:13-42
37            <intent-filter>
37-->src\main\AndroidManifest.xml:20:4-24:20
38                <action android:name="android.intent.action.MAIN" />
38-->src\main\AndroidManifest.xml:21:5-57
38-->src\main\AndroidManifest.xml:21:13-54
39
40                <category android:name="android.intent.category.LAUNCHER" />
40-->src\main\AndroidManifest.xml:23:5-65
40-->src\main\AndroidManifest.xml:23:15-62
41            </intent-filter>
42        </activity>
43
44        <provider
44-->[com.squareup.picasso:picasso:2.71828] AndroidManifest.xml:8:9-11:40
45            android:name="com.squareup.picasso.PicassoProvider"
45-->[com.squareup.picasso:picasso:2.71828] AndroidManifest.xml:9:13-64
46            android:authorities="com.kos.KostKita.com.squareup.picasso"
46-->[com.squareup.picasso:picasso:2.71828] AndroidManifest.xml:10:13-72
47            android:exported="false" />
47-->[com.squareup.picasso:picasso:2.71828] AndroidManifest.xml:11:13-37
48        <provider
48-->[androidx.lifecycle:lifecycle-process:2.2.0] AndroidManifest.xml:25:9-29:43
49            android:name="androidx.lifecycle.ProcessLifecycleOwnerInitializer"
49-->[androidx.lifecycle:lifecycle-process:2.2.0] AndroidManifest.xml:26:13-79
50            android:authorities="com.kos.KostKita.lifecycle-process"
50-->[androidx.lifecycle:lifecycle-process:2.2.0] AndroidManifest.xml:27:13-69
51            android:exported="false"
51-->[androidx.lifecycle:lifecycle-process:2.2.0] AndroidManifest.xml:28:13-37
52            android:multiprocess="true" />
52-->[androidx.lifecycle:lifecycle-process:2.2.0] AndroidManifest.xml:29:13-40
53    </application>
54
55</manifest>